#
# A fatal error has been detected by the Java Runtime Environment:
#
#  EXCEPTION_ACCESS_VIOLATION (0xc0000005) at pc=0x000000005b25ea84, pid=15312, tid=22208
#
# JRE version: Java(TM) SE Runtime Environment (10.0.2+13) (build 10.0.2+13)
# Java VM: Java HotSpot(TM) 64-Bit Server VM (10.0.2+13, mixed mode, tiered, compressed oops, g1 gc, windows-amd64)
# Problematic frame:
# V  [jvm.dll+0x22ea84]
#
# No core dump will be written. Minidumps are not enabled by default on client versions of Windows
#
# If you would like to submit a bug report, please visit:
#   http://bugreport.java.com/bugreport/crash.jsp
#

---------------  S U M M A R Y ------------

Command Line: -agentlib:jdwp=transport=dt_socket,address=127.0.0.1:61381,suspend=y,server=n -ea -Didea.test.cyclic.buffer.size=1048576 -javaagent:C:\Users\iscai\.IdeaIC2018.2\system\captureAgent\debugger-agent.jar=file:/C:/Users/iscai/AppData/Local/Temp/capture.props -Dfile.encoding=UTF-8 com.intellij.rt.execution.junit.JUnitStarter -ideVersion5 -junit4 com.microsoft.azure.management.containerregistry.RegistryTaskTests,UpdateTriggers

Host: Intel(R) Xeon(R) W-2133 CPU @ 3.60GHz, 12 cores, 31G,  Windows 10 , 64 bit Build 17763 (10.0.17763.1)
Time: Fri Nov 09 11:25:08 2018 Pacific Standard Time elapsed time: 2342 seconds (0d 0h 39m 2s)

---------------  T H R E A D  ---------------

Current thread (0x000001f932151000):  VMThread "VM Thread" [stack: 0x0000002b27600000,0x0000002b27700000] [id=22208]

Stack: [0x0000002b27600000,0x0000002b27700000],  sp=0x0000002b276fe9c8,  free space=1018k
Native frames: (J=compiled Java code, j=interpreted, Vv=VM code, C=native code)
V  [jvm.dll+0x22ea84]


siginfo: EXCEPTION_ACCESS_VIOLATION (0xc0000005), reading address 0x000001f936caf740


Register to memory mapping:

RIP=0x000000005b25ea84 jvm.dll
RAX=0x00000000001940a0 is an unknown value
RBX=0x0000000000000000 is an unknown value
RCX=0x000001f936b1b6a0 is pointing into metadata
RDX=0x000000000000ca04 is an unknown value
RSP=0x0000002b276fe9c8 is an unknown value
RBP=0x0000002b276fef20 is an unknown value
RSI=0x0000002b276ff0a0 is an unknown value
RDI=0x0000002b276ff0a0 is an unknown value
R8 =0x0000000000000000 is an unknown value
R9 =0x000001f936b14d30 is pointing into metadata
R10=0x0000002b276fee30 is an unknown value
R11=0x0000002b276ff0a0 is an unknown value
R12=0x000000005b7ad601 jvm.dll
R13=0x0000000000000000 is an unknown value
R14=0x0000000000000002 is an unknown value
R15=0x0000000000000050 is an unknown value


Registers:
RAX=0x00000000001940a0, RBX=0x0000000000000000, RCX=0x000001f936b1b6a0, RDX=0x000000000000ca04
RSP=0x0000002b276fe9c8, RBP=0x0000002b276fef20, RSI=0x0000002b276ff0a0, RDI=0x0000002b276ff0a0
R8 =0x0000000000000000, R9 =0x000001f936b14d30, R10=0x0000002b276fee30, R11=0x0000002b276ff0a0
R12=0x000000005b7ad601, R13=0x0000000000000000, R14=0x0000000000000002, R15=0x0000000000000050
RIP=0x000000005b25ea84, EFLAGS=0x0000000000010206

Top of Stack: (sp=0x0000002b276fe9c8)
0x0000002b276fe9c8:   000000005b34dcc0 0000000000000000
0x0000002b276fe9d8:   0000002b276ff0a0 0000002b276fea40
0x0000002b276fe9e8:   0000002b276fefe0 000001f931fe38ac
0x0000002b276fe9f8:   0000000000000000 000000005b7f8488
0x0000002b276fea08:   000001f9320206f8 0000000000000002
0x0000002b276fea18:   0000002b0000000e 0000002b276fea40
0x0000002b276fea28:   000001f900000001 0000000000000000
0x0000002b276fea38:   0000000000000000 4fffffff4fffffff
0x0000002b276fea48:   000001f932036c18 0000000000000026
0x0000002b276fea58:   000001f90000000e 0000002b276fea80
0x0000002b276fea68:   0000000000000002 0000000000000000
0x0000002b276fea78:   00000000000003d8 4fffffff4fffffff
0x0000002b276fea88:   000001f94fffffff 0000000000000000
0x0000002b276fea98:   000000005b64d3c8 0000002b276feb00
0x0000002b276feaa8:   0000002b276ff0a0 000001f931fe38ac
0x0000002b276feab8:   0000000000000000 0000002b276ff0a0 

Instructions: (pc=0x000000005b25ea84)
0x000000005b25ea64:   15 f7 d2 48 63 c2 48 ff c0 48 c1 e0 05 48 8b 04
0x000000005b25ea74:   08 0f b7 c0 eb 14 48 63 c2 48 ff c0 48 c1 e0 05
0x000000005b25ea84:   48 8b 04 08 0f b7 d0 48 63 c2 41 0f b7 4c c1 42
0x000000005b25ea94:   48 63 c1 41 0f b7 44 c1 42 49 8b 44 c1 40 c3 49 


VM_Operation (0x0000002b280ff3f0): GetOrSetLocal, mode: safepoint, requested by thread 0x000001f932f5e000


---------------  P R O C E S S  ---------------

Threads class SMR info:
_java_thread_list=0x000001f93426f7a0, length=18, elements={
0x000001f97ff11800, 0x000001f932158000, 0x000001f932161800, 0x000001f9321b5800,
0x000001f9321b6800, 0x000001f9321b7000, 0x000001f9321b8000, 0x000001f9321ba800,
0x000001f9321bb800, 0x000001f9321bc000, 0x000001f932f5e000, 0x000001f932f9a800,
0x000001f933037800, 0x000001f932f9c000, 0x000001f933078800, 0x000001f93339b000,
0x000001f935b2a800, 0x000001f9356a8800
}

Java Threads: ( => current thread )
  0x000001f97ff11800 JavaThread "main" [_thread_blocked, id=22568, stack(0x0000002b25c00000,0x0000002b25d00000)]
  0x000001f932158000 JavaThread "Reference Handler" daemon [_thread_blocked, id=11384, stack(0x0000002b27700000,0x0000002b27800000)]
  0x000001f932161800 JavaThread "Finalizer" daemon [_thread_blocked, id=3824, stack(0x0000002b27800000,0x0000002b27900000)]
  0x000001f9321b5800 JavaThread "Signal Dispatcher" daemon [_thread_blocked, id=20848, stack(0x0000002b27900000,0x0000002b27a00000)]
  0x000001f9321b6800 JavaThread "Attach Listener" daemon [_thread_blocked, id=7200, stack(0x0000002b27a00000,0x0000002b27b00000)]
  0x000001f9321b7000 JavaThread "C2 CompilerThread0" daemon [_thread_blocked, id=22968, stack(0x0000002b27b00000,0x0000002b27c00000)]
  0x000001f9321b8000 JavaThread "C2 CompilerThread1" daemon [_thread_blocked, id=20348, stack(0x0000002b27c00000,0x0000002b27d00000)]
  0x000001f9321ba800 JavaThread "C2 CompilerThread2" daemon [_thread_blocked, id=19144, stack(0x0000002b27d00000,0x0000002b27e00000)]
  0x000001f9321bb800 JavaThread "C1 CompilerThread3" daemon [_thread_blocked, id=18356, stack(0x0000002b27e00000,0x0000002b27f00000)]
  0x000001f9321bc000 JavaThread "Sweeper thread" daemon [_thread_blocked, id=22148, stack(0x0000002b27f00000,0x0000002b28000000)]
  0x000001f932f5e000 JavaThread "JDWP Transport Listener: dt_socket" daemon [_thread_blocked, id=22980, stack(0x0000002b28000000,0x0000002b28100000)] _threads_hazard_ptr=0x000001f93426f7a0
  0x000001f932f9a800 JavaThread "JDWP Event Helper Thread" daemon [_thread_blocked, id=17932, stack(0x0000002b28100000,0x0000002b28200000)]
  0x000001f933037800 JavaThread "JDWP Command Reader" daemon [_thread_in_native, id=8576, stack(0x0000002b28200000,0x0000002b28300000)]
  0x000001f932f9c000 JavaThread "Common-Cleaner" daemon [_thread_blocked, id=12180, stack(0x0000002b28300000,0x0000002b28400000)]
  0x000001f933078800 JavaThread "Service Thread" daemon [_thread_blocked, id=5288, stack(0x0000002b28400000,0x0000002b28500000)]
  0x000001f93339b000 JavaThread "RxIoScheduler-1 (Evictor)" daemon [_thread_blocked, id=21004, stack(0x0000002b28600000,0x0000002b28700000)]
  0x000001f935b2a800 JavaThread "OkHttp ConnectionPool" daemon [_thread_blocked, id=22684, stack(0x0000002b28900000,0x0000002b28a00000)]
  0x000001f9356a8800 JavaThread "Okio Watchdog" daemon [_thread_blocked, id=6004, stack(0x0000002b28a00000,0x0000002b28b00000)]

Other Threads:
=>0x000001f932151000 VMThread "VM Thread" [stack: 0x0000002b27600000,0x0000002b27700000] [id=22208]
  0x000001f932f35000 WatcherThread [stack: 0x0000002b28500000,0x0000002b28600000] [id=14740]
  0x000001f97ff2d800 GCTaskThread "GC Thread#0" [stack: 0x0000002b25d00000,0x0000002b25e00000] [id=9296]
  0x000001f97ff2f000 GCTaskThread "GC Thread#1" [stack: 0x0000002b25e00000,0x0000002b25f00000] [id=10400]
  0x000001f97ff30800 GCTaskThread "GC Thread#2" [stack: 0x0000002b25f00000,0x0000002b26000000] [id=4460]
  0x000001f97ff33800 GCTaskThread "GC Thread#3" [stack: 0x0000002b26000000,0x0000002b26100000] [id=8864]
  0x000001f97ff35800 GCTaskThread "GC Thread#4" [stack: 0x0000002b26100000,0x0000002b26200000] [id=7144]
  0x000001f97ff39800 GCTaskThread "GC Thread#5" [stack: 0x0000002b26200000,0x0000002b26300000] [id=1328]
  0x000001f97ff3b000 GCTaskThread "GC Thread#6" [stack: 0x0000002b26300000,0x0000002b26400000] [id=23044]
  0x000001f97ff46000 GCTaskThread "GC Thread#7" [stack: 0x0000002b26400000,0x0000002b26500000] [id=8152]
  0x000001f97ff48000 GCTaskThread "GC Thread#8" [stack: 0x0000002b26500000,0x0000002b26600000] [id=17580]
  0x000001f97ff4c000 GCTaskThread "GC Thread#9" [stack: 0x0000002b26600000,0x0000002b26700000] [id=8312]
  0x000001f97ffc8000 ConcurrentGCThread "G1 Main Marker" [stack: 0x0000002b26700000,0x0000002b26800000] [id=10388]
  0x000001f97ff4d800 ConcurrentGCThread "G1 Conc#0" [stack: 0x0000002b26800000,0x0000002b26900000] [id=23088]
  0x000001f97ff48800 ConcurrentGCThread "G1 Conc#1" [stack: 0x0000002b26900000,0x0000002b26a00000] [id=22132]
  0x000001f97ff4c800 ConcurrentGCThread "G1 Conc#2" [stack: 0x0000002b26a00000,0x0000002b26b00000] [id=18104]
  0x000001f931fd0800 ConcurrentGCThread "G1 Refine#0" [stack: 0x0000002b26b00000,0x0000002b26c00000] [id=19612]
  0x000001f931fd1000 ConcurrentGCThread "G1 Refine#1" [stack: 0x0000002b26c00000,0x0000002b26d00000] [id=22832]
  0x000001f92f2e5800 ConcurrentGCThread "G1 Refine#2" [stack: 0x0000002b26d00000,0x0000002b26e00000] [id=16460]
  0x000001f92f2e8800 ConcurrentGCThread "G1 Refine#3" [stack: 0x0000002b26e00000,0x0000002b26f00000] [id=20976]
  0x000001f92f2e9000 ConcurrentGCThread "G1 Refine#4" [stack: 0x0000002b26f00000,0x0000002b27000000] [id=22720]
  0x000001f92f2e9800 ConcurrentGCThread "G1 Refine#5" [stack: 0x0000002b27000000,0x0000002b27100000] [id=22488]
  0x000001f92f2ec800 ConcurrentGCThread "G1 Refine#6" [stack: 0x0000002b27100000,0x0000002b27200000] [id=13504]
  0x000001f92f2ed000 ConcurrentGCThread "G1 Refine#7" [stack: 0x0000002b27200000,0x0000002b27300000] [id=23372]
  0x000001f931fd4000 ConcurrentGCThread "G1 Refine#8" [stack: 0x0000002b27300000,0x0000002b27400000] [id=19740]
  0x000001f92f2ee000 ConcurrentGCThread "G1 Refine#9" [stack: 0x0000002b27400000,0x0000002b27500000] [id=22608]
  0x000001f92f2ee800 ConcurrentGCThread "G1 Young RemSet Sampling" [stack: 0x0000002b27500000,0x0000002b27600000] [id=13180]

Threads with active compile tasks:

VM state:at safepoint (normal execution)

VM Mutex/Monitor currently owned by a thread:  ([mutex/lock_event])
[0x000001f97ff0edb0] Threads_lock - owner thread: 0x000001f932151000

Heap address: 0x00000005c4600000, size: 8122 MB, Compressed Oops mode: Zero based, Oop shift amount: 3
Narrow klass base: 0x0000000000000000, Narrow klass shift: 3
Compressed class space size: 1073741824 Address: 0x00000007c0000000

Heap:
 garbage-first heap   total 520192K, used 47096K [0x00000005c4600000, 0x00000007c0000000)
  region size 2048K, 24 young (49152K), 3 survivors (6144K)
 Metaspace       used 28759K, capacity 29007K, committed 29568K, reserved 1075200K
  class space    used 3006K, capacity 3095K, committed 3200K, reserved 1048576K
Heap Regions: E=young(eden), S=young(survivor), O=old, HS=humongous(starts), HC=humongous(continues), CS=collection set, F=free, A=archive, TS=gc time stamp, AC=allocation context, TAMS=top-at-mark-start (previous, next)
|   0|0x00000005c4600000, 0x00000005c4600000, 0x00000005c4800000|  0%| F|  |TS  0|AC  0|TAMS 0x00000005c4600000, 0x00000005c4600000|
|   1|0x00000005c4800000, 0x00000005c4800000, 0x00000005c4a00000|  0%| F|  |TS  0|AC  0|TAMS 0x00000005c4800000, 0x00000005c4800000|
|   2|0x00000005c4a00000, 0x00000005c4a00000, 0x00000005c4c00000|  0%| F|  |TS  0|AC  0|TAMS 0x00000005c4a00000, 0x00000005c4a00000|
|   3|0x00000005c4c00000, 0x00000005c4c00000, 0x00000005c4e00000|  0%| F|  |TS  0|AC  0|TAMS 0x00000005c4c00000, 0x00000005c4c00000|
|   4|0x00000005c4e00000, 0x00000005c4e00000, 0x00000005c5000000|  0%| F|  |TS  0|AC  0|TAMS 0x00000005c4e00000, 0x00000005c4e00000|
|   5|0x00000005c5000000, 0x00000005c5000000, 0x00000005c5200000|  0%| F|  |TS  0|AC  0|TAMS 0x00000005c5000000, 0x00000005c5000000|
|   6|0x00000005c5200000, 0x00000005c5200000, 0x00000005c5400000|  0%| F|  |TS  0|AC  0|TAMS 0x00000005c5200000, 0x00000005c5200000|
|   7|0x00000005c5400000, 0x00000005c5400000, 0x00000005c5600000|  0%| F|  |TS  0|AC  0|TAMS 0x00000005c5400000, 0x00000005c5400000|
|   8|0x00000005c5600000, 0x00000005c5600000, 0x00000005c5800000|  0%| F|  |TS  0|AC  0|TAMS 0x00000005c5600000, 0x00000005c5600000|
|   9|0x00000005c5800000, 0x00000005c5800000, 0x00000005c5a00000|  0%| F|  |TS  0|AC  0|TAMS 0x00000005c5800000, 0x00000005c5800000|
|  10|0x00000005c5a00000, 0x00000005c5a00000, 0x00000005c5c00000|  0%| F|  |TS  0|AC  0|TAMS 0x00000005c5a00000, 0x00000005c5a00000|
|  11|0x00000005c5c00000, 0x00000005c5c00000, 0x00000005c5e00000|  0%| F|  |TS  0|AC  0|TAMS 0x00000005c5c00000, 0x00000005c5c00000|
|  12|0x00000005c5e00000, 0x00000005c5e00000, 0x00000005c6000000|  0%| F|  |TS  0|AC  0|TAMS 0x00000005c5e00000, 0x00000005c5e00000|
|  13|0x00000005c6000000, 0x00000005c6000000, 0x00000005c6200000|  0%| F|  |TS  0|AC  0|TAMS 0x00000005c6000000, 0x00000005c6000000|
|  14|0x00000005c6200000, 0x00000005c6200000, 0x00000005c6400000|  0%| F|  |TS  0|AC  0|TAMS 0x00000005c6200000, 0x00000005c6200000|
|  15|0x00000005c6400000, 0x00000005c6400000, 0x00000005c6600000|  0%| F|  |TS  0|AC  0|TAMS 0x00000005c6400000, 0x00000005c6400000|
|  16|0x00000005c6600000, 0x00000005c6600000, 0x00000005c6800000|  0%| F|  |TS  0|AC  0|TAMS 0x00000005c6600000, 0x00000005c6600000|
|  17|0x00000005c6800000, 0x00000005c6800000, 0x00000005c6a00000|  0%| F|  |TS  0|AC  0|TAMS 0x00000005c6800000, 0x00000005c6800000|
|  18|0x00000005c6a00000, 0x00000005c6a00000, 0x00000005c6c00000|  0%| F|  |TS  0|AC  0|TAMS 0x00000005c6a00000, 0x00000005c6a00000|
|  19|0x00000005c6c00000, 0x00000005c6c00000, 0x00000005c6e00000|  0%| F|  |TS  0|AC  0|TAMS 0x00000005c6c00000, 0x00000005c6c00000|
|  20|0x00000005c6e00000, 0x00000005c6e00000, 0x00000005c7000000|  0%| F|  |TS  0|AC  0|TAMS 0x00000005c6e00000, 0x00000005c6e00000|
|  21|0x00000005c7000000, 0x00000005c7000000, 0x00000005c7200000|  0%| F|  |TS  0|AC  0|TAMS 0x00000005c7000000, 0x00000005c7000000|
|  22|0x00000005c7200000, 0x00000005c7200000, 0x00000005c7400000|  0%| F|  |TS  0|AC  0|TAMS 0x00000005c7200000, 0x00000005c7200000|
|  23|0x00000005c7400000, 0x00000005c7400000, 0x00000005c7600000|  0%| F|  |TS  0|AC  0|TAMS 0x00000005c7400000, 0x00000005c7400000|
|  24|0x00000005c7600000, 0x00000005c7600000, 0x00000005c7800000|  0%| F|  |TS  0|AC  0|TAMS 0x00000005c7600000, 0x00000005c7600000|
|  25|0x00000005c7800000, 0x00000005c7800000, 0x00000005c7a00000|  0%| F|  |TS  0|AC  0|TAMS 0x00000005c7800000, 0x00000005c7800000|
|  26|0x00000005c7a00000, 0x00000005c7a00000, 0x00000005c7c00000|  0%| F|  |TS  0|AC  0|TAMS 0x00000005c7a00000, 0x00000005c7a00000|
|  27|0x00000005c7c00000, 0x00000005c7c00000, 0x00000005c7e00000|  0%| F|  |TS  0|AC  0|TAMS 0x00000005c7c00000, 0x00000005c7c00000|
|  28|0x00000005c7e00000, 0x00000005c7e00000, 0x00000005c8000000|  0%| F|  |TS  0|AC  0|TAMS 0x00000005c7e00000, 0x00000005c7e00000|
|  29|0x00000005c8000000, 0x00000005c8000000, 0x00000005c8200000|  0%| F|  |TS  0|AC  0|TAMS 0x00000005c8000000, 0x00000005c8000000|
|  30|0x00000005c8200000, 0x00000005c8200000, 0x00000005c8400000|  0%| F|  |TS  0|AC  0|TAMS 0x00000005c8200000, 0x00000005c8200000|
|  31|0x00000005c8400000, 0x00000005c8400000, 0x00000005c8600000|  0%| F|  |TS  0|AC  0|TAMS 0x00000005c8400000, 0x00000005c8400000|
|  32|0x00000005c8600000, 0x00000005c8600000, 0x00000005c8800000|  0%| F|  |TS  0|AC  0|TAMS 0x00000005c8600000, 0x00000005c8600000|
|  33|0x00000005c8800000, 0x00000005c8800000, 0x00000005c8a00000|  0%| F|  |TS  0|AC  0|TAMS 0x00000005c8800000, 0x00000005c8800000|
|  34|0x00000005c8a00000, 0x00000005c8a00000, 0x00000005c8c00000|  0%| F|  |TS  0|AC  0|TAMS 0x00000005c8a00000, 0x00000005c8a00000|
|  35|0x00000005c8c00000, 0x00000005c8c00000, 0x00000005c8e00000|  0%| F|  |TS  0|AC  0|TAMS 0x00000005c8c00000, 0x00000005c8c00000|
|  36|0x00000005c8e00000, 0x00000005c8e00000, 0x00000005c9000000|  0%| F|  |TS  0|AC  0|TAMS 0x00000005c8e00000, 0x00000005c8e00000|
|  37|0x00000005c9000000, 0x00000005c9000000, 0x00000005c9200000|  0%| F|  |TS  0|AC  0|TAMS 0x00000005c9000000, 0x00000005c9000000|
|  38|0x00000005c9200000, 0x00000005c9200000, 0x00000005c9400000|  0%| F|  |TS  0|AC  0|TAMS 0x00000005c9200000, 0x00000005c9200000|
|  39|0x00000005c9400000, 0x00000005c9400000, 0x00000005c9600000|  0%| F|  |TS  0|AC  0|TAMS 0x00000005c9400000, 0x00000005c9400000|
|  40|0x00000005c9600000, 0x00000005c9600000, 0x00000005c9800000|  0%| F|  |TS  0|AC  0|TAMS 0x00000005c9600000, 0x00000005c9600000|
|  41|0x00000005c9800000, 0x00000005c9800000, 0x00000005c9a00000|  0%| F|  |TS  0|AC  0|TAMS 0x00000005c9800000, 0x00000005c9800000|
|  42|0x00000005c9a00000, 0x00000005c9a00000, 0x00000005c9c00000|  0%| F|  |TS  0|AC  0|TAMS 0x00000005c9a00000, 0x00000005c9a00000|
|  43|0x00000005c9c00000, 0x00000005c9c00000, 0x00000005c9e00000|  0%| F|  |TS  0|AC  0|TAMS 0x00000005c9c00000, 0x00000005c9c00000|
|  44|0x00000005c9e00000, 0x00000005c9e00000, 0x00000005ca000000|  0%| F|  |TS  0|AC  0|TAMS 0x00000005c9e00000, 0x00000005c9e00000|
|  45|0x00000005ca000000, 0x00000005ca000000, 0x00000005ca200000|  0%| F|  |TS  0|AC  0|TAMS 0x00000005ca000000, 0x00000005ca000000|
|  46|0x00000005ca200000, 0x00000005ca200000, 0x00000005ca400000|  0%| F|  |TS  0|AC  0|TAMS 0x00000005ca200000, 0x00000005ca200000|
|  47|0x00000005ca400000, 0x00000005ca400000, 0x00000005ca600000|  0%| F|  |TS  0|AC  0|TAMS 0x00000005ca400000, 0x00000005ca400000|
|  48|0x00000005ca600000, 0x00000005ca600000, 0x00000005ca800000|  0%| F|  |TS  0|AC  0|TAMS 0x00000005ca600000, 0x00000005ca600000|
|  49|0x00000005ca800000, 0x00000005ca800000, 0x00000005caa00000|  0%| F|  |TS  0|AC  0|TAMS 0x00000005ca800000, 0x00000005ca800000|
|  50|0x00000005caa00000, 0x00000005caa00000, 0x00000005cac00000|  0%| F|  |TS  0|AC  0|TAMS 0x00000005caa00000, 0x00000005caa00000|
|  51|0x00000005cac00000, 0x00000005cac00000, 0x00000005cae00000|  0%| F|  |TS  0|AC  0|TAMS 0x00000005cac00000, 0x00000005cac00000|
|  52|0x00000005cae00000, 0x00000005cae00000, 0x00000005cb000000|  0%| F|  |TS  0|AC  0|TAMS 0x00000005cae00000, 0x00000005cae00000|
|  53|0x00000005cb000000, 0x00000005cb000000, 0x00000005cb200000|  0%| F|  |TS  0|AC  0|TAMS 0x00000005cb000000, 0x00000005cb000000|
|  54|0x00000005cb200000, 0x00000005cb200000, 0x00000005cb400000|  0%| F|  |TS  0|AC  0|TAMS 0x00000005cb200000, 0x00000005cb200000|
|  55|0x00000005cb400000, 0x00000005cb400000, 0x00000005cb600000|  0%| F|  |TS  0|AC  0|TAMS 0x00000005cb400000, 0x00000005cb400000|
|  56|0x00000005cb600000, 0x00000005cb600000, 0x00000005cb800000|  0%| F|  |TS  0|AC  0|TAMS 0x00000005cb600000, 0x00000005cb600000|
|  57|0x00000005cb800000, 0x00000005cb800000, 0x00000005cba00000|  0%| F|  |TS  0|AC  0|TAMS 0x00000005cb800000, 0x00000005cb800000|
|  58|0x00000005cba00000, 0x00000005cba00000, 0x00000005cbc00000|  0%| F|  |TS  0|AC  0|TAMS 0x00000005cba00000, 0x00000005cba00000|
|  59|0x00000005cbc00000, 0x00000005cbc00000, 0x00000005cbe00000|  0%| F|  |TS  0|AC  0|TAMS 0x00000005cbc00000, 0x00000005cbc00000|
|  60|0x00000005cbe00000, 0x00000005cbe00000, 0x00000005cc000000|  0%| F|  |TS  0|AC  0|TAMS 0x00000005cbe00000, 0x00000005cbe00000|
|  61|0x00000005cc000000, 0x00000005cc000000, 0x00000005cc200000|  0%| F|  |TS  0|AC  0|TAMS 0x00000005cc000000, 0x00000005cc000000|
|  62|0x00000005cc200000, 0x00000005cc200000, 0x00000005cc400000|  0%| F|  |TS  0|AC  0|TAMS 0x00000005cc200000, 0x00000005cc200000|
|  63|0x00000005cc400000, 0x00000005cc400000, 0x00000005cc600000|  0%| F|  |TS  0|AC  0|TAMS 0x00000005cc400000, 0x00000005cc400000|
|  64|0x00000005cc600000, 0x00000005cc600000, 0x00000005cc800000|  0%| F|  |TS  0|AC  0|TAMS 0x00000005cc600000, 0x00000005cc600000|
|  65|0x00000005cc800000, 0x00000005cc800000, 0x00000005cca00000|  0%| F|  |TS  0|AC  0|TAMS 0x00000005cc800000, 0x00000005cc800000|
|  66|0x00000005cca00000, 0x00000005cca00000, 0x00000005ccc00000|  0%| F|  |TS  0|AC  0|TAMS 0x00000005cca00000, 0x00000005cca00000|
|  67|0x00000005ccc00000, 0x00000005ccc00000, 0x00000005cce00000|  0%| F|  |TS  0|AC  0|TAMS 0x00000005ccc00000, 0x00000005ccc00000|
|  68|0x00000005cce00000, 0x00000005cce00000, 0x00000005cd000000|  0%| F|  |TS  0|AC  0|TAMS 0x00000005cce00000, 0x00000005cce00000|
|  69|0x00000005cd000000, 0x00000005cd000000, 0x00000005cd200000|  0%| F|  |TS  0|AC  0|TAMS 0x00000005cd000000, 0x00000005cd000000|
|  70|0x00000005cd200000, 0x00000005cd200000, 0x00000005cd400000|  0%| F|  |TS  0|AC  0|TAMS 0x00000005cd200000, 0x00000005cd200000|
|  71|0x00000005cd400000, 0x00000005cd400000, 0x00000005cd600000|  0%| F|  |TS  0|AC  0|TAMS 0x00000005cd400000, 0x00000005cd400000|
|  72|0x00000005cd600000, 0x00000005cd600000, 0x00000005cd800000|  0%| F|  |TS  0|AC  0|TAMS 0x00000005cd600000, 0x00000005cd600000|
|  73|0x00000005cd800000, 0x00000005cd800000, 0x00000005cda00000|  0%| F|  |TS  0|AC  0|TAMS 0x00000005cd800000, 0x00000005cd800000|
|  74|0x00000005cda00000, 0x00000005cda00000, 0x00000005cdc00000|  0%| F|  |TS  0|AC  0|TAMS 0x00000005cda00000, 0x00000005cda00000|
|  75|0x00000005cdc00000, 0x00000005cdc00000, 0x00000005cde00000|  0%| F|  |TS  0|AC  0|TAMS 0x00000005cdc00000, 0x00000005cdc00000|
|  76|0x00000005cde00000, 0x00000005cde00000, 0x00000005ce000000|  0%| F|  |TS  0|AC  0|TAMS 0x00000005cde00000, 0x00000005cde00000|
|  77|0x00000005ce000000, 0x00000005ce000000, 0x00000005ce200000|  0%| F|  |TS  0|AC  0|TAMS 0x00000005ce000000, 0x00000005ce000000|
|  78|0x00000005ce200000, 0x00000005ce200000, 0x00000005ce400000|  0%| F|  |TS  0|AC  0|TAMS 0x00000005ce200000, 0x00000005ce200000|
|  79|0x00000005ce400000, 0x00000005ce400000, 0x00000005ce600000|  0%| F|  |TS  0|AC  0|TAMS 0x00000005ce400000, 0x00000005ce400000|
|  80|0x00000005ce600000, 0x00000005ce600000, 0x00000005ce800000|  0%| F|  |TS  0|AC  0|TAMS 0x00000005ce600000, 0x00000005ce600000|
|  81|0x00000005ce800000, 0x00000005ce800000, 0x00000005cea00000|  0%| F|  |TS  0|AC  0|TAMS 0x00000005ce800000, 0x00000005ce800000|
|  82|0x00000005cea00000, 0x00000005cea00000, 0x00000005cec00000|  0%| F|  |TS  0|AC  0|TAMS 0x00000005cea00000, 0x00000005cea00000|
|  83|0x00000005cec00000, 0x00000005cec00000, 0x00000005cee00000|  0%| F|  |TS  0|AC  0|TAMS 0x00000005cec00000, 0x00000005cec00000|
|  84|0x00000005cee00000, 0x00000005cee00000, 0x00000005cf000000|  0%| F|  |TS  0|AC  0|TAMS 0x00000005cee00000, 0x00000005cee00000|
|  85|0x00000005cf000000, 0x00000005cf000000, 0x00000005cf200000|  0%| F|  |TS  0|AC  0|TAMS 0x00000005cf000000, 0x00000005cf000000|
|  86|0x00000005cf200000, 0x00000005cf200000, 0x00000005cf400000|  0%| F|  |TS  0|AC  0|TAMS 0x00000005cf200000, 0x00000005cf200000|
|  87|0x00000005cf400000, 0x00000005cf400000, 0x00000005cf600000|  0%| F|  |TS  0|AC  0|TAMS 0x00000005cf400000, 0x00000005cf400000|
|  88|0x00000005cf600000, 0x00000005cf600000, 0x00000005cf800000|  0%| F|  |TS  0|AC  0|TAMS 0x00000005cf600000, 0x00000005cf600000|
|  89|0x00000005cf800000, 0x00000005cf800000, 0x00000005cfa00000|  0%| F|  |TS  0|AC  0|TAMS 0x00000005cf800000, 0x00000005cf800000|
|  90|0x00000005cfa00000, 0x00000005cfa00000, 0x00000005cfc00000|  0%| F|  |TS  0|AC  0|TAMS 0x00000005cfa00000, 0x00000005cfa00000|
|  91|0x00000005cfc00000, 0x00000005cfc00000, 0x00000005cfe00000|  0%| F|  |TS  0|AC  0|TAMS 0x00000005cfc00000, 0x00000005cfc00000|
|  92|0x00000005cfe00000, 0x00000005cfe00000, 0x00000005d0000000|  0%| F|  |TS  0|AC  0|TAMS 0x00000005cfe00000, 0x00000005cfe00000|
|  93|0x00000005d0000000, 0x00000005d0000000, 0x00000005d0200000|  0%| F|  |TS  0|AC  0|TAMS 0x00000005d0000000, 0x00000005d0000000|
|  94|0x00000005d0200000, 0x00000005d0200000, 0x00000005d0400000|  0%| F|  |TS  0|AC  0|TAMS 0x00000005d0200000, 0x00000005d0200000|
|  95|0x00000005d0400000, 0x00000005d0400000, 0x00000005d0600000|  0%| F|  |TS  0|AC  0|TAMS 0x00000005d0400000, 0x00000005d0400000|
|  96|0x00000005d0600000, 0x00000005d0600000, 0x00000005d0800000|  0%| F|  |TS  0|AC  0|TAMS 0x00000005d0600000, 0x00000005d0600000|
|  97|0x00000005d0800000, 0x00000005d0800000, 0x00000005d0a00000|  0%| F|  |TS  0|AC  0|TAMS 0x00000005d0800000, 0x00000005d0800000|
|  98|0x00000005d0a00000, 0x00000005d0a00000, 0x00000005d0c00000|  0%| F|  |TS  0|AC  0|TAMS 0x00000005d0a00000, 0x00000005d0a00000|
|  99|0x00000005d0c00000, 0x00000005d0c00000, 0x00000005d0e00000|  0%| F|  |TS  0|AC  0|TAMS 0x00000005d0c00000, 0x00000005d0c00000|
| 100|0x00000005d0e00000, 0x00000005d0e00000, 0x00000005d1000000|  0%| F|  |TS  0|AC  0|TAMS 0x00000005d0e00000, 0x00000005d0e00000|
| 101|0x00000005d1000000, 0x00000005d1000000, 0x00000005d1200000|  0%| F|  |TS  0|AC  0|TAMS 0x00000005d1000000, 0x00000005d1000000|
| 102|0x00000005d1200000, 0x00000005d1200000, 0x00000005d1400000|  0%| F|  |TS  0|AC  0|TAMS 0x00000005d1200000, 0x00000005d1200000|
| 103|0x00000005d1400000, 0x00000005d1400000, 0x00000005d1600000|  0%| F|  |TS  0|AC  0|TAMS 0x00000005d1400000, 0x00000005d1400000|
| 104|0x00000005d1600000, 0x00000005d1600000, 0x00000005d1800000|  0%| F|  |TS  0|AC  0|TAMS 0x00000005d1600000, 0x00000005d1600000|
| 105|0x00000005d1800000, 0x00000005d1800000, 0x00000005d1a00000|  0%| F|  |TS  0|AC  0|TAMS 0x00000005d1800000, 0x00000005d1800000|
| 106|0x00000005d1a00000, 0x00000005d1a00000, 0x00000005d1c00000|  0%| F|  |TS  0|AC  0|TAMS 0x00000005d1a00000, 0x00000005d1a00000|
| 107|0x00000005d1c00000, 0x00000005d1c00000, 0x00000005d1e00000|  0%| F|  |TS  0|AC  0|TAMS 0x00000005d1c00000, 0x00000005d1c00000|
| 108|0x00000005d1e00000, 0x00000005d1e00000, 0x00000005d2000000|  0%| F|  |TS  0|AC  0|TAMS 0x00000005d1e00000, 0x00000005d1e00000|
| 109|0x00000005d2000000, 0x00000005d2000000, 0x00000005d2200000|  0%| F|  |TS  0|AC  0|TAMS 0x00000005d2000000, 0x00000005d2000000|
| 110|0x00000005d2200000, 0x00000005d2200000, 0x00000005d2400000|  0%| F|  |TS  0|AC  0|TAMS 0x00000005d2200000, 0x00000005d2200000|
| 111|0x00000005d2400000, 0x00000005d2400000, 0x00000005d2600000|  0%| F|  |TS  0|AC  0|TAMS 0x00000005d2400000, 0x00000005d2400000|
| 112|0x00000005d2600000, 0x00000005d2600000, 0x00000005d2800000|  0%| F|  |TS  0|AC  0|TAMS 0x00000005d2600000, 0x00000005d2600000|
| 113|0x00000005d2800000, 0x00000005d2800000, 0x00000005d2a00000|  0%| F|  |TS  0|AC  0|TAMS 0x00000005d2800000, 0x00000005d2800000|
| 114|0x00000005d2a00000, 0x00000005d2a00000, 0x00000005d2c00000|  0%| F|  |TS  0|AC  0|TAMS 0x00000005d2a00000, 0x00000005d2a00000|
| 115|0x00000005d2c00000, 0x00000005d2c00000, 0x00000005d2e00000|  0%| F|  |TS  0|AC  0|TAMS 0x00000005d2c00000, 0x00000005d2c00000|
| 116|0x00000005d2e00000, 0x00000005d2e00000, 0x00000005d3000000|  0%| F|  |TS  0|AC  0|TAMS 0x00000005d2e00000, 0x00000005d2e00000|
| 117|0x00000005d3000000, 0x00000005d3000000, 0x00000005d3200000|  0%| F|  |TS  0|AC  0|TAMS 0x00000005d3000000, 0x00000005d3000000|
| 118|0x00000005d3200000, 0x00000005d3200000, 0x00000005d3400000|  0%| F|  |TS  0|AC  0|TAMS 0x00000005d3200000, 0x00000005d3200000|
| 119|0x00000005d3400000, 0x00000005d3400000, 0x00000005d3600000|  0%| F|  |TS  0|AC  0|TAMS 0x00000005d3400000, 0x00000005d3400000|
| 120|0x00000005d3600000, 0x00000005d3600000, 0x00000005d3800000|  0%| F|  |TS  0|AC  0|TAMS 0x00000005d3600000, 0x00000005d3600000|
| 121|0x00000005d3800000, 0x00000005d3800000, 0x00000005d3a00000|  0%| F|  |TS  0|AC  0|TAMS 0x00000005d3800000, 0x00000005d3800000|
| 122|0x00000005d3a00000, 0x00000005d3a00000, 0x00000005d3c00000|  0%| F|  |TS  0|AC  0|TAMS 0x00000005d3a00000, 0x00000005d3a00000|
| 123|0x00000005d3c00000, 0x00000005d3c00000, 0x00000005d3e00000|  0%| F|  |TS  0|AC  0|TAMS 0x00000005d3c00000, 0x00000005d3c00000|
| 124|0x00000005d3e00000, 0x00000005d3e00000, 0x00000005d4000000|  0%| F|  |TS  0|AC  0|TAMS 0x00000005d3e00000, 0x00000005d3e00000|
| 125|0x00000005d4000000, 0x00000005d4000000, 0x00000005d4200000|  0%| F|  |TS  0|AC  0|TAMS 0x00000005d4000000, 0x00000005d4000000|
| 126|0x00000005d4200000, 0x00000005d4200000, 0x00000005d4400000|  0%| F|  |TS  0|AC  0|TAMS 0x00000005d4200000, 0x00000005d4200000|
| 127|0x00000005d4400000, 0x00000005d4400000, 0x00000005d4600000|  0%| F|  |TS  0|AC  0|TAMS 0x00000005d4400000, 0x00000005d4400000|
| 128|0x00000005d4600000, 0x00000005d4600000, 0x00000005d4800000|  0%| F|  |TS  0|AC  0|TAMS 0x00000005d4600000, 0x00000005d4600000|
| 129|0x00000005d4800000, 0x00000005d4800000, 0x00000005d4a00000|  0%| F|  |TS  0|AC  0|TAMS 0x00000005d4800000, 0x00000005d4800000|
| 130|0x00000005d4a00000, 0x00000005d4a00000, 0x00000005d4c00000|  0%| F|  |TS  0|AC  0|TAMS 0x00000005d4a00000, 0x00000005d4a00000|
| 131|0x00000005d4c00000, 0x00000005d4c00000, 0x00000005d4e00000|  0%| F|  |TS  0|AC  0|TAMS 0x00000005d4c00000, 0x00000005d4c00000|
| 132|0x00000005d4e00000, 0x00000005d4e00000, 0x00000005d5000000|  0%| F|  |TS  0|AC  0|TAMS 0x00000005d4e00000, 0x00000005d4e00000|
| 133|0x00000005d5000000, 0x00000005d5000000, 0x00000005d5200000|  0%| F|  |TS  0|AC  0|TAMS 0x00000005d5000000, 0x00000005d5000000|
| 134|0x00000005d5200000, 0x00000005d5200000, 0x00000005d5400000|  0%| F|  |TS  0|AC  0|TAMS 0x00000005d5200000, 0x00000005d5200000|
| 135|0x00000005d5400000, 0x00000005d5400000, 0x00000005d5600000|  0%| F|  |TS  0|AC  0|TAMS 0x00000005d5400000, 0x00000005d5400000|
| 136|0x00000005d5600000, 0x00000005d5600000, 0x00000005d5800000|  0%| F|  |TS  0|AC  0|TAMS 0x00000005d5600000, 0x00000005d5600000|
| 137|0x00000005d5800000, 0x00000005d5800000, 0x00000005d5a00000|  0%| F|  |TS  0|AC  0|TAMS 0x00000005d5800000, 0x00000005d5800000|
| 138|0x00000005d5a00000, 0x00000005d5a00000, 0x00000005d5c00000|  0%| F|  |TS  0|AC  0|TAMS 0x00000005d5a00000, 0x00000005d5a00000|
| 139|0x00000005d5c00000, 0x00000005d5c00000, 0x00000005d5e00000|  0%| F|  |TS  0|AC  0|TAMS 0x00000005d5c00000, 0x00000005d5c00000|
| 140|0x00000005d5e00000, 0x00000005d5e00000, 0x00000005d6000000|  0%| F|  |TS  0|AC  0|TAMS 0x00000005d5e00000, 0x00000005d5e00000|
| 141|0x00000005d6000000, 0x00000005d6000000, 0x00000005d6200000|  0%| F|  |TS  0|AC  0|TAMS 0x00000005d6000000, 0x00000005d6000000|
| 142|0x00000005d6200000, 0x00000005d6200000, 0x00000005d6400000|  0%| F|  |TS  0|AC  0|TAMS 0x00000005d6200000, 0x00000005d6200000|
| 143|0x00000005d6400000, 0x00000005d6400000, 0x00000005d6600000|  0%| F|  |TS  0|AC  0|TAMS 0x00000005d6400000, 0x00000005d6400000|
| 144|0x00000005d6600000, 0x00000005d6600000, 0x00000005d6800000|  0%| F|  |TS  0|AC  0|TAMS 0x00000005d6600000, 0x00000005d6600000|
| 145|0x00000005d6800000, 0x00000005d6800000, 0x00000005d6a00000|  0%| F|  |TS  0|AC  0|TAMS 0x00000005d6800000, 0x00000005d6800000|
| 146|0x00000005d6a00000, 0x00000005d6a00000, 0x00000005d6c00000|  0%| F|  |TS  0|AC  0|TAMS 0x00000005d6a00000, 0x00000005d6a00000|
| 147|0x00000005d6c00000, 0x00000005d6c00000, 0x00000005d6e00000|  0%| F|  |TS  0|AC  0|TAMS 0x00000005d6c00000, 0x00000005d6c00000|
| 148|0x00000005d6e00000, 0x00000005d6e00000, 0x00000005d7000000|  0%| F|  |TS  0|AC  0|TAMS 0x00000005d6e00000, 0x00000005d6e00000|
| 149|0x00000005d7000000, 0x00000005d7000000, 0x00000005d7200000|  0%| F|  |TS  0|AC  0|TAMS 0x00000005d7000000, 0x00000005d7000000|
| 150|0x00000005d7200000, 0x00000005d7200000, 0x00000005d7400000|  0%| F|  |TS  0|AC  0|TAMS 0x00000005d7200000, 0x00000005d7200000|
| 151|0x00000005d7400000, 0x00000005d7400000, 0x00000005d7600000|  0%| F|  |TS  0|AC  0|TAMS 0x00000005d7400000, 0x00000005d7400000|
| 152|0x00000005d7600000, 0x00000005d7600000, 0x00000005d7800000|  0%| F|  |TS  0|AC  0|TAMS 0x00000005d7600000, 0x00000005d7600000|
| 153|0x00000005d7800000, 0x00000005d7800000, 0x00000005d7a00000|  0%| F|  |TS  0|AC  0|TAMS 0x00000005d7800000, 0x00000005d7800000|
| 154|0x00000005d7a00000, 0x00000005d7a00000, 0x00000005d7c00000|  0%| F|  |TS  0|AC  0|TAMS 0x00000005d7a00000, 0x00000005d7a00000|
| 155|0x00000005d7c00000, 0x00000005d7c00000, 0x00000005d7e00000|  0%| F|  |TS  0|AC  0|TAMS 0x00000005d7c00000, 0x00000005d7c00000|
| 156|0x00000005d7e00000, 0x00000005d7e00000, 0x00000005d8000000|  0%| F|  |TS  0|AC  0|TAMS 0x00000005d7e00000, 0x00000005d7e00000|
| 157|0x00000005d8000000, 0x00000005d8000000, 0x00000005d8200000|  0%| F|  |TS  0|AC  0|TAMS 0x00000005d8000000, 0x00000005d8000000|
| 158|0x00000005d8200000, 0x00000005d8200000, 0x00000005d8400000|  0%| F|  |TS  0|AC  0|TAMS 0x00000005d8200000, 0x00000005d8200000|
| 159|0x00000005d8400000, 0x00000005d8400000, 0x00000005d8600000|  0%| F|  |TS  0|AC  0|TAMS 0x00000005d8400000, 0x00000005d8400000|
| 160|0x00000005d8600000, 0x00000005d8600000, 0x00000005d8800000|  0%| F|  |TS  0|AC  0|TAMS 0x00000005d8600000, 0x00000005d8600000|
| 161|0x00000005d8800000, 0x00000005d8800000, 0x00000005d8a00000|  0%| F|  |TS  0|AC  0|TAMS 0x00000005d8800000, 0x00000005d8800000|
| 162|0x00000005d8a00000, 0x00000005d8a00000, 0x00000005d8c00000|  0%| F|  |TS  0|AC  0|TAMS 0x00000005d8a00000, 0x00000005d8a00000|
| 163|0x00000005d8c00000, 0x00000005d8c00000, 0x00000005d8e00000|  0%| F|  |TS  0|AC  0|TAMS 0x00000005d8c00000, 0x00000005d8c00000|
| 164|0x00000005d8e00000, 0x00000005d8e00000, 0x00000005d9000000|  0%| F|  |TS  0|AC  0|TAMS 0x00000005d8e00000, 0x00000005d8e00000|
| 165|0x00000005d9000000, 0x00000005d9000000, 0x00000005d9200000|  0%| F|  |TS  0|AC  0|TAMS 0x00000005d9000000, 0x00000005d9000000|
| 166|0x00000005d9200000, 0x00000005d9200000, 0x00000005d9400000|  0%| F|  |TS  0|AC  0|TAMS 0x00000005d9200000, 0x00000005d9200000|
| 167|0x00000005d9400000, 0x00000005d9400000, 0x00000005d9600000|  0%| F|  |TS  0|AC  0|TAMS 0x00000005d9400000, 0x00000005d9400000|
| 168|0x00000005d9600000, 0x00000005d9600000, 0x00000005d9800000|  0%| F|  |TS  0|AC  0|TAMS 0x00000005d9600000, 0x00000005d9600000|
| 169|0x00000005d9800000, 0x00000005d9800000, 0x00000005d9a00000|  0%| F|  |TS  0|AC  0|TAMS 0x00000005d9800000, 0x00000005d9800000|
| 170|0x00000005d9a00000, 0x00000005d9a00000, 0x00000005d9c00000|  0%| F|  |TS  0|AC  0|TAMS 0x00000005d9a00000, 0x00000005d9a00000|
| 171|0x00000005d9c00000, 0x00000005d9c00000, 0x00000005d9e00000|  0%| F|  |TS  0|AC  0|TAMS 0x00000005d9c00000, 0x00000005d9c00000|
| 172|0x00000005d9e00000, 0x00000005d9e00000, 0x00000005da000000|  0%| F|  |TS  0|AC  0|TAMS 0x00000005d9e00000, 0x00000005d9e00000|
| 173|0x00000005da000000, 0x00000005da000000, 0x00000005da200000|  0%| F|  |TS  0|AC  0|TAMS 0x00000005da000000, 0x00000005da000000|
| 174|0x00000005da200000, 0x00000005da200000, 0x00000005da400000|  0%| F|  |TS  0|AC  0|TAMS 0x00000005da200000, 0x00000005da200000|
| 175|0x00000005da400000, 0x00000005da400000, 0x00000005da600000|  0%| F|  |TS  0|AC  0|TAMS 0x00000005da400000, 0x00000005da400000|
| 176|0x00000005da600000, 0x00000005da600000, 0x00000005da800000|  0%| F|  |TS  0|AC  0|TAMS 0x00000005da600000, 0x00000005da600000|
| 177|0x00000005da800000, 0x00000005da800000, 0x00000005daa00000|  0%| F|  |TS  0|AC  0|TAMS 0x00000005da800000, 0x00000005da800000|
| 178|0x00000005daa00000, 0x00000005daa00000, 0x00000005dac00000|  0%| F|  |TS  0|AC  0|TAMS 0x00000005daa00000, 0x00000005daa00000|
| 179|0x00000005dac00000, 0x00000005dac00000, 0x00000005dae00000|  0%| F|  |TS  0|AC  0|TAMS 0x00000005dac00000, 0x00000005dac00000|
| 180|0x00000005dae00000, 0x00000005dae00000, 0x00000005db000000|  0%| F|  |TS  0|AC  0|TAMS 0x00000005dae00000, 0x00000005dae00000|
| 181|0x00000005db000000, 0x00000005db000000, 0x00000005db200000|  0%| F|  |TS  0|AC  0|TAMS 0x00000005db000000, 0x00000005db000000|
| 182|0x00000005db200000, 0x00000005db200000, 0x00000005db400000|  0%| F|  |TS  0|AC  0|TAMS 0x00000005db200000, 0x00000005db200000|
| 183|0x00000005db400000, 0x00000005db400000, 0x00000005db600000|  0%| F|  |TS  0|AC  0|TAMS 0x00000005db400000, 0x00000005db400000|
| 184|0x00000005db600000, 0x00000005db600000, 0x00000005db800000|  0%| F|  |TS  0|AC  0|TAMS 0x00000005db600000, 0x00000005db600000|
| 185|0x00000005db800000, 0x00000005db800000, 0x00000005dba00000|  0%| F|  |TS  0|AC  0|TAMS 0x00000005db800000, 0x00000005db800000|
| 186|0x00000005dba00000, 0x00000005dba00000, 0x00000005dbc00000|  0%| F|  |TS  0|AC  0|TAMS 0x00000005dba00000, 0x00000005dba00000|
| 187|0x00000005dbc00000, 0x00000005dbc00000, 0x00000005dbe00000|  0%| F|  |TS  0|AC  0|TAMS 0x00000005dbc00000, 0x00000005dbc00000|
| 188|0x00000005dbe00000, 0x00000005dbe00000, 0x00000005dc000000|  0%| F|  |TS  0|AC  0|TAMS 0x00000005dbe00000, 0x00000005dbe00000|
| 189|0x00000005dc000000, 0x00000005dc000000, 0x00000005dc200000|  0%| F|  |TS  0|AC  0|TAMS 0x00000005dc000000, 0x00000005dc000000|
| 190|0x00000005dc200000, 0x00000005dc200000, 0x00000005dc400000|  0%| F|  |TS  0|AC  0|TAMS 0x00000005dc200000, 0x00000005dc200000|
| 191|0x00000005dc400000, 0x00000005dc400000, 0x00000005dc600000|  0%| F|  |TS  0|AC  0|TAMS 0x00000005dc400000, 0x00000005dc400000|
| 192|0x00000005dc600000, 0x00000005dc600000, 0x00000005dc800000|  0%| F|  |TS  0|AC  0|TAMS 0x00000005dc600000, 0x00000005dc600000|
| 193|0x00000005dc800000, 0x00000005dc800000, 0x00000005dca00000|  0%| F|  |TS  0|AC  0|TAMS 0x00000005dc800000, 0x00000005dc800000|
| 194|0x00000005dca00000, 0x00000005dca00000, 0x00000005dcc00000|  0%| F|  |TS  0|AC  0|TAMS 0x00000005dca00000, 0x00000005dca00000|
| 195|0x00000005dcc00000, 0x00000005dcc00000, 0x00000005dce00000|  0%| F|  |TS  0|AC  0|TAMS 0x00000005dcc00000, 0x00000005dcc00000|
| 196|0x00000005dce00000, 0x00000005dce00000, 0x00000005dd000000|  0%| F|  |TS  0|AC  0|TAMS 0x00000005dce00000, 0x00000005dce00000|
| 197|0x00000005dd000000, 0x00000005dd000000, 0x00000005dd200000|  0%| F|  |TS  0|AC  0|TAMS 0x00000005dd000000, 0x00000005dd000000|
| 198|0x00000005dd200000, 0x00000005dd200000, 0x00000005dd400000|  0%| F|  |TS  0|AC  0|TAMS 0x00000005dd200000, 0x00000005dd200000|
| 199|0x00000005dd400000, 0x00000005dd400000, 0x00000005dd600000|  0%| F|  |TS  0|AC  0|TAMS 0x00000005dd400000, 0x00000005dd400000|
| 200|0x00000005dd600000, 0x00000005dd600000, 0x00000005dd800000|  0%| F|  |TS  0|AC  0|TAMS 0x00000005dd600000, 0x00000005dd600000|
| 201|0x00000005dd800000, 0x00000005dd800000, 0x00000005dda00000|  0%| F|  |TS  0|AC  0|TAMS 0x00000005dd800000, 0x00000005dd800000|
| 202|0x00000005dda00000, 0x00000005dda00000, 0x00000005ddc00000|  0%| F|  |TS  0|AC  0|TAMS 0x00000005dda00000, 0x00000005dda00000|
| 203|0x00000005ddc00000, 0x00000005ddc00000, 0x00000005dde00000|  0%| F|  |TS  0|AC  0|TAMS 0x00000005ddc00000, 0x00000005ddc00000|
| 204|0x00000005dde00000, 0x00000005dde00000, 0x00000005de000000|  0%| F|  |TS  0|AC  0|TAMS 0x00000005dde00000, 0x00000005dde00000|
| 205|0x00000005de000000, 0x00000005de000000, 0x00000005de200000|  0%| F|  |TS  0|AC  0|TAMS 0x00000005de000000, 0x00000005de000000|
| 206|0x00000005de200000, 0x00000005de200000, 0x00000005de400000|  0%| F|  |TS  0|AC  0|TAMS 0x00000005de200000, 0x00000005de200000|
| 207|0x00000005de400000, 0x00000005de400000, 0x00000005de600000|  0%| F|  |TS  0|AC  0|TAMS 0x00000005de400000, 0x00000005de400000|
| 208|0x00000005de600000, 0x00000005de600000, 0x00000005de800000|  0%| F|  |TS  0|AC  0|TAMS 0x00000005de600000, 0x00000005de600000|
| 209|0x00000005de800000, 0x00000005de800000, 0x00000005dea00000|  0%| F|  |TS  0|AC  0|TAMS 0x00000005de800000, 0x00000005de800000|
| 210|0x00000005dea00000, 0x00000005dea00000, 0x00000005dec00000|  0%| F|  |TS  0|AC  0|TAMS 0x00000005dea00000, 0x00000005dea00000|
| 211|0x00000005dec00000, 0x00000005dec00000, 0x00000005dee00000|  0%| F|  |TS  0|AC  0|TAMS 0x00000005dec00000, 0x00000005dec00000|
| 212|0x00000005dee00000, 0x00000005dee00000, 0x00000005df000000|  0%| F|  |TS  0|AC  0|TAMS 0x00000005dee00000, 0x00000005dee00000|
| 213|0x00000005df000000, 0x00000005df000000, 0x00000005df200000|  0%| F|  |TS  0|AC  0|TAMS 0x00000005df000000, 0x00000005df000000|
| 214|0x00000005df200000, 0x00000005df200000, 0x00000005df400000|  0%| F|  |TS  0|AC  0|TAMS 0x00000005df200000, 0x00000005df200000|
| 215|0x00000005df400000, 0x00000005df400000, 0x00000005df600000|  0%| F|  |TS  0|AC  0|TAMS 0x00000005df400000, 0x00000005df400000|
| 216|0x00000005df600000, 0x00000005df600000, 0x00000005df800000|  0%| F|  |TS  0|AC  0|TAMS 0x00000005df600000, 0x00000005df600000|
| 217|0x00000005df800000, 0x00000005df800000, 0x00000005dfa00000|  0%| F|  |TS  0|AC  0|TAMS 0x00000005df800000, 0x00000005df800000|
| 218|0x00000005dfa00000, 0x00000005dfa00000, 0x00000005dfc00000|  0%| F|  |TS  0|AC  0|TAMS 0x00000005dfa00000, 0x00000005dfa00000|
| 219|0x00000005dfc00000, 0x00000005dfc00000, 0x00000005dfe00000|  0%| F|  |TS  0|AC  0|TAMS 0x00000005dfc00000, 0x00000005dfc00000|
| 220|0x00000005dfe00000, 0x00000005dfe00000, 0x00000005e0000000|  0%| F|  |TS  0|AC  0|TAMS 0x00000005dfe00000, 0x00000005dfe00000|
| 221|0x00000005e0000000, 0x00000005e0000000, 0x00000005e0200000|  0%| F|  |TS  0|AC  0|TAMS 0x00000005e0000000, 0x00000005e0000000|
| 222|0x00000005e0200000, 0x00000005e0200000, 0x00000005e0400000|  0%| F|  |TS  0|AC  0|TAMS 0x00000005e0200000, 0x00000005e0200000|
| 223|0x00000005e0400000, 0x00000005e0400000, 0x00000005e0600000|  0%| F|  |TS  0|AC  0|TAMS 0x00000005e0400000, 0x00000005e0400000|
| 224|0x00000005e0600000, 0x00000005e0600000, 0x00000005e0800000|  0%| F|  |TS  0|AC  0|TAMS 0x00000005e0600000, 0x00000005e0600000|
| 225|0x00000005e0800000, 0x00000005e0800000, 0x00000005e0a00000|  0%| F|  |TS  0|AC  0|TAMS 0x00000005e0800000, 0x00000005e0800000|
| 226|0x00000005e0a00000, 0x00000005e0a00000, 0x00000005e0c00000|  0%| F|  |TS  0|AC  0|TAMS 0x00000005e0a00000, 0x00000005e0a00000|
| 227|0x00000005e0c00000, 0x00000005e0c00000, 0x00000005e0e00000|  0%| F|  |TS  0|AC  0|TAMS 0x00000005e0c00000, 0x00000005e0c00000|
| 228|0x00000005e0e00000, 0x00000005e0e00000, 0x00000005e1000000|  0%| F|  |TS  0|AC  0|TAMS 0x00000005e0e00000, 0x00000005e0e00000|
| 229|0x00000005e1000000, 0x00000005e1000000, 0x00000005e1200000|  0%| F|  |TS  0|AC  0|TAMS 0x00000005e1000000, 0x00000005e1000000|
| 230|0x00000005e1200000, 0x00000005e1280630, 0x00000005e1400000| 25%| E|  |TS  0|AC  0|TAMS 0x00000005e1200000, 0x00000005e1200000|
| 231|0x00000005e1400000, 0x00000005e1600000, 0x00000005e1600000|100%| E|CS|TS  0|AC  0|TAMS 0x00000005e1400000, 0x00000005e1400000|
| 232|0x00000005e1600000, 0x00000005e1800000, 0x00000005e1800000|100%| E|CS|TS  0|AC  0|TAMS 0x00000005e1600000, 0x00000005e1600000|
| 233|0x00000005e1800000, 0x00000005e19fe220, 0x00000005e1a00000| 99%| S|CS|TS  0|AC  0|TAMS 0x00000005e1800000, 0x00000005e1800000|
| 234|0x00000005e1a00000, 0x00000005e1c00000, 0x00000005e1c00000|100%| S|CS|TS  0|AC  0|TAMS 0x00000005e1a00000, 0x00000005e1a00000|
| 235|0x00000005e1c00000, 0x00000005e1e00000, 0x00000005e1e00000|100%| S|CS|TS  0|AC  0|TAMS 0x00000005e1c00000, 0x00000005e1c00000|
| 236|0x00000005e1e00000, 0x00000005e2000000, 0x00000005e2000000|100%| E|CS|TS  0|AC  0|TAMS 0x00000005e1e00000, 0x00000005e1e00000|
| 237|0x00000005e2000000, 0x00000005e2200000, 0x00000005e2200000|100%| E|CS|TS  0|AC  0|TAMS 0x00000005e2000000, 0x00000005e2000000|
| 238|0x00000005e2200000, 0x00000005e2400000, 0x00000005e2400000|100%| E|CS|TS  0|AC  0|TAMS 0x00000005e2200000, 0x00000005e2200000|
| 239|0x00000005e2400000, 0x00000005e2600000, 0x00000005e2600000|100%| E|CS|TS  0|AC  0|TAMS 0x00000005e2400000, 0x00000005e2400000|
| 240|0x00000005e2600000, 0x00000005e2800000, 0x00000005e2800000|100%| E|CS|TS  0|AC  0|TAMS 0x00000005e2600000, 0x00000005e2600000|
| 241|0x00000005e2800000, 0x00000005e2a00000, 0x00000005e2a00000|100%| E|CS|TS  0|AC  0|TAMS 0x00000005e2800000, 0x00000005e2800000|
| 242|0x00000005e2a00000, 0x00000005e2c00000, 0x00000005e2c00000|100%| E|CS|TS  0|AC  0|TAMS 0x00000005e2a00000, 0x00000005e2a00000|
| 243|0x00000005e2c00000, 0x00000005e2e00000, 0x00000005e2e00000|100%| E|CS|TS  0|AC  0|TAMS 0x00000005e2c00000, 0x00000005e2c00000|
| 244|0x00000005e2e00000, 0x00000005e3000000, 0x00000005e3000000|100%| E|CS|TS  0|AC  0|TAMS 0x00000005e2e00000, 0x00000005e2e00000|
| 245|0x00000005e3000000, 0x00000005e3200000, 0x00000005e3200000|100%| E|CS|TS  0|AC  0|TAMS 0x00000005e3000000, 0x00000005e3000000|
| 246|0x00000005e3200000, 0x00000005e3400000, 0x00000005e3400000|100%| E|CS|TS  0|AC  0|TAMS 0x00000005e3200000, 0x00000005e3200000|
| 247|0x00000005e3400000, 0x00000005e3600000, 0x00000005e3600000|100%| E|CS|TS  0|AC  0|TAMS 0x00000005e3400000, 0x00000005e3400000|
| 248|0x00000005e3600000, 0x00000005e3800000, 0x00000005e3800000|100%| E|CS|TS  0|AC  0|TAMS 0x00000005e3600000, 0x00000005e3600000|
| 249|0x00000005e3800000, 0x00000005e3a00000, 0x00000005e3a00000|100%| E|CS|TS  0|AC  0|TAMS 0x00000005e3800000, 0x00000005e3800000|
| 250|0x00000005e3a00000, 0x00000005e3c00000, 0x00000005e3c00000|100%| E|CS|TS  0|AC  0|TAMS 0x00000005e3a00000, 0x00000005e3a00000|
| 251|0x00000005e3c00000, 0x00000005e3e00000, 0x00000005e3e00000|100%| E|CS|TS  0|AC  0|TAMS 0x00000005e3c00000, 0x00000005e3c00000|
| 252|0x00000005e3e00000, 0x00000005e4000000, 0x00000005e4000000|100%| E|CS|TS  0|AC  0|TAMS 0x00000005e3e00000, 0x00000005e3e00000|
| 253|0x00000005e4000000, 0x00000005e4200000, 0x00000005e4200000|100%| E|CS|TS  0|AC  0|TAMS 0x00000005e4000000, 0x00000005e4000000|

Card table byte_map: [0x000001f91d350000,0x000001f91e330000] byte_map_base: 0x000001f91a52d000

Marking Bits (Prev, Next): (CMBitMap*) 0x000001f97ffc71e8, (CMBitMap*) 0x000001f97ffc71b0
 Prev Bits: [0x000001f927200000, 0x000001f92f0e8000)
 Next Bits: [0x000001f91f310000, 0x000001f9271f8000)

Polling page: 0x000001f901410000

CodeHeap 'non-profiled nmethods': size=120000Kb used=925Kb max_used=1058Kb free=119074Kb
 bounds [0x000001f9141b0000, 0x000001f914420000, 0x000001f91b6e0000]
CodeHeap 'profiled nmethods': size=120000Kb used=3713Kb max_used=4483Kb free=116286Kb
 bounds [0x000001f90cc80000, 0x000001f90d0f0000, 0x000001f9141b0000]
CodeHeap 'non-nmethods': size=5760Kb used=1257Kb max_used=1281Kb free=4502Kb
 bounds [0x000001f90c6e0000, 0x000001f90c950000, 0x000001f90cc80000]
 total_blobs=3225 nmethods=1901 adapters=425
 compilation: enabled

Compilation events (10 events):
Event: 12.421 Thread 0x000001f9321bb800 2171       1       com.fasterxml.jackson.core.JsonToken::isStructEnd (5 bytes)
Event: 12.422 Thread 0x000001f9321bb800 nmethod 2171 0x000001f9141b0710 code [0x000001f9141b08c0, 0x000001f9141b09d8]
Event: 12.422 Thread 0x000001f9321bb800 2166       3       com.fasterxml.jackson.databind.introspect.POJOPropertiesCollector::_doAddInjectable (114 bytes)
Event: 12.424 Thread 0x000001f9321bb800 nmethod 2166 0x000001f90cc9a410 code [0x000001f90cc9a780, 0x000001f90cc9bd00]
Event: 12.424 Thread 0x000001f9321bb800 2168       3       com.fasterxml.jackson.databind.util.ClassUtil::findClassAnnotations (16 bytes)
Event: 12.425 Thread 0x000001f9321bb800 nmethod 2168 0x000001f90cc82610 code [0x000001f90cc82820, 0x000001f90cc82e70]
Event: 12.425 Thread 0x000001f9321bb800 2169       3       java.lang.Class::getDeclaredAnnotations (11 bytes)
Event: 12.425 Thread 0x000001f9321bb800 nmethod 2169 0x000001f90cc84290 code [0x000001f90cc84480, 0x000001f90cc84910]
Event: 12.425 Thread 0x000001f9321bb800 2165       3       com.fasterxml.jackson.databind.cfg.MapperConfig::isAnnotationProcessingEnabled (8 bytes)
Event: 12.425 Thread 0x000001f9321bb800 nmethod 2165 0x000001f90cc80010 code [0x000001f90cc801e0, 0x000001f90cc80418]

GC Heap History (4 events):
Event: 0.611 GC heap before
{Heap before GC invocations=0 (full 0):
 garbage-first heap   total 520192K, used 24576K [0x00000005c4600000, 0x00000007c0000000)
  region size 2048K, 12 young (24576K), 0 survivors (0K)
 Metaspace       used 12994K, capacity 13143K, committed 13312K, reserved 1060864K
  class space    used 1164K, capacity 1226K, committed 1280K, reserved 1048576K
}
Event: 0.615 GC heap after
{Heap after GC invocations=1 (full 0):
 garbage-first heap   total 520192K, used 3407K [0x00000005c4600000, 0x00000007c0000000)
  region size 2048K, 2 young (4096K), 2 survivors (4096K)
 Metaspace       used 12994K, capacity 13143K, committed 13312K, reserved 1060864K
  class space    used 1164K, capacity 1226K, committed 1280K, reserved 1048576K
}
Event: 1.358 GC heap before
{Heap before GC invocations=1 (full 0):
 garbage-first heap   total 520192K, used 34127K [0x00000005c4600000, 0x00000007c0000000)
  region size 2048K, 18 young (36864K), 2 survivors (4096K)
 Metaspace       used 20874K, capacity 21061K, committed 21296K, reserved 1069056K
  class space    used 2057K, capacity 2158K, committed 2176K, reserved 1048576K
}
Event: 1.364 GC heap after
{Heap after GC invocations=2 (full 0):
 garbage-first heap   total 520192K, used 6136K [0x00000005c4600000, 0x00000007c0000000)
  region size 2048K, 3 young (6144K), 3 survivors (6144K)
 Metaspace       used 20874K, capacity 21061K, committed 21296K, reserved 1069056K
  class space    used 2057K, capacity 2158K, committed 2176K, reserved 1048576K
}

Deoptimization events (10 events):
Event: 1.809 Thread 0x000001f93453a000 Uncommon trap: reason=class_check action=maybe_recompile pc=0x000001f914293264 method=java.util.regex.Pattern$SliceI.match(Ljava/util/regex/Matcher;ILjava/lang/CharSequence;)Z @ 92 c2
Event: 1.809 Thread 0x000001f93453a000 Uncommon trap: reason=class_check action=maybe_recompile pc=0x000001f914293264 method=java.util.regex.Pattern$SliceI.match(Ljava/util/regex/Matcher;ILjava/lang/CharSequence;)Z @ 92 c2
Event: 1.809 Thread 0x000001f93453a000 Uncommon trap: reason=class_check action=maybe_recompile pc=0x000001f914293264 method=java.util.regex.Pattern$SliceI.match(Ljava/util/regex/Matcher;ILjava/lang/CharSequence;)Z @ 92 c2
Event: 1.811 Thread 0x000001f93453a000 Uncommon trap: reason=class_check action=maybe_recompile pc=0x000001f914293264 method=java.util.regex.Pattern$SliceI.match(Ljava/util/regex/Matcher;ILjava/lang/CharSequence;)Z @ 92 c2
Event: 1.813 Thread 0x000001f93453a000 Uncommon trap: reason=unstable_if action=reinterpret pc=0x000001f914295684 method=java.math.BigInteger.addOne([IIII)I @ 55 c2
Event: 2.212 Thread 0x000001f97ff11800 Uncommon trap: reason=unstable_if action=reinterpret pc=0x000001f914217b1c method=java.util.concurrent.ConcurrentHashMap.get(Ljava/lang/Object;)Ljava/lang/Object; @ 152 c2
Event: 3.507 Thread 0x000001f97ff11800 Uncommon trap: reason=bimorphic_or_optimized_type_check action=maybe_recompile pc=0x000001f914251024 method=java.util.HashMap.putVal(ILjava/lang/Object;Ljava/lang/Object;ZZ)Ljava/lang/Object; @ 203 c2
Event: 3.508 Thread 0x000001f97ff11800 Uncommon trap: reason=bimorphic_or_optimized_type_check action=maybe_recompile pc=0x000001f91424cd74 method=java.util.HashMap.putVal(ILjava/lang/Object;Ljava/lang/Object;ZZ)Ljava/lang/Object; @ 203 c2
Event: 6.145 Thread 0x000001f97ff11800 Uncommon trap: reason=unstable_if action=reinterpret pc=0x000001f91429e3bc method=java.util.HashMap$HashIterator.<init>(Ljava/util/HashMap;)V @ 45 c2
Event: 6.146 Thread 0x000001f97ff11800 Uncommon trap: reason=unstable_if action=reinterpret pc=0x000001f9142927a8 method=java.util.HashMap$HashIterator.<init>(Ljava/util/HashMap;)V @ 45 c2

Classes redefined (7 events):
Event: 226.271 Thread 0x000001f932151000 redefined class name=com.microsoft.azure.management.containerregistry.implementation.RegistrySourceTriggerImpl, count=1
Event: 226.278 Thread 0x000001f932151000 redefined class name=com.microsoft.azure.management.containerregistry.implementation.RegistryTaskImpl, count=1
Event: 226.285 Thread 0x000001f932151000 redefined class name=com.microsoft.azure.management.containerregistry.implementation.RegistryTaskImpl$2, count=1
Event: 226.291 Thread 0x000001f932151000 redefined class name=com.microsoft.azure.management.containerregistry.RegistryTaskTests, count=1
Event: 2342.146 Thread 0x000001f932151000 redefined class name=com.microsoft.azure.management.containerregistry.implementation.RegistrySourceTriggerImpl, count=2
Event: 2342.153 Thread 0x000001f932151000 redefined class name=com.microsoft.azure.management.containerregistry.implementation.RegistryTaskImpl, count=2
Event: 2342.159 Thread 0x000001f932151000 redefined class name=com.microsoft.azure.management.containerregistry.implementation.RegistryTaskImpl$2, count=2

Internal exceptions (10 events):
Event: 1.021 Thread 0x000001f97ff11800 Exception <a 'java/lang/IncompatibleClassChangeError'{0x00000005e202d640}: Found class java.lang.Object, but interface was expected> (0x00000005e202d640) thrown at [t:/workspace/open/src/hotspot/share/interpreter/linkResolver.cpp, line 807]
Event: 1.021 Thread 0x000001f97ff11800 Exception <a 'java/lang/NoSuchMethodError'{0x00000005e2030750}: java.lang.invoke.DirectMethodHandle$Holder.invokeStaticInit(Ljava/lang/Object;Ljava/lang/Object;)V> (0x00000005e2030750) thrown at [t:/workspace/open/src/hotspot/share/interpreter/linkResolve
Event: 1.022 Thread 0x000001f97ff11800 Exception <a 'java/lang/NoSuchMethodError'{0x00000005e2036dc0}: java.lang.invoke.DirectMethodHandle$Holder.invokeStaticInit(Ljava/lang/Object;Ljava/lang/Object;)I> (0x00000005e2036dc0) thrown at [t:/workspace/open/src/hotspot/share/interpreter/linkResolve
Event: 1.029 Thread 0x000001f97ff11800 Exception <a 'java/lang/NoSuchMethodError'{0x00000005e2084360}: method resolution failed> (0x00000005e2084360) thrown at [t:/workspace/open/src/hotspot/share/prims/methodHandles.cpp, line 1226]
Event: 1.030 Thread 0x000001f97ff11800 Exception <a 'java/lang/NoSuchMethodError'{0x00000005e2087950}: java.lang.invoke.DirectMethodHandle$Holder.invokeStaticInit(Ljava/lang/Object;IIII)Ljava/lang/Object;> (0x00000005e2087950) thrown at [t:/workspace/open/src/hotspot/share/interpreter/linkReso
Event: 1.032 Thread 0x000001f97ff11800 Exception <a 'sun/nio/fs/WindowsException'{0x00000005e2091958}> (0x00000005e2091958) thrown at [t:/workspace/open/src/hotspot/share/prims/jni.cpp, line 611]
Event: 1.212 Thread 0x000001f97ff11800 Exception <a 'java/lang/NoSuchMethodError'{0x00000005e1e22650}: method resolution failed> (0x00000005e1e22650) thrown at [t:/workspace/open/src/hotspot/share/prims/methodHandles.cpp, line 1226]
Event: 1.213 Thread 0x000001f97ff11800 Exception <a 'java/lang/NoSuchMethodError'{0x00000005e1e25c48}: java.lang.invoke.DirectMethodHandle$Holder.invokeStaticInit(Ljava/lang/Object;Ljava/lang/Object;IIII)Ljava/lang/Object;> (0x00000005e1e25c48) thrown at [t:/workspace/open/src/hotspot/share/in
Event: 3.540 Thread 0x000001f97ff11800 Exception <a 'java/net/SocketTimeoutException'{0x00000005e209d540}: Read timed out> (0x00000005e209d540) thrown at [t:/workspace/open/src/hotspot/share/prims/jni.cpp, line 632]
Event: 6.245 Thread 0x000001f97ff11800 Exception <a 'java/net/SocketTimeoutException'{0x00000005e1461ac8}: Read timed out> (0x00000005e1461ac8) thrown at [t:/workspace/open/src/hotspot/share/prims/jni.cpp, line 632]

Events (10 events):
Event: 2342.221 Executing VM operation: GetFrameLocation done
Event: 2342.221 Executing VM operation: GetFrameLocation
Event: 2342.221 Executing VM operation: GetFrameLocation done
Event: 2342.221 Executing VM operation: GetOrSetLocal
Event: 2342.221 Executing VM operation: GetOrSetLocal done
Event: 2342.222 Executing VM operation: GetFrameCount
Event: 2342.222 Executing VM operation: GetFrameCount done
Event: 2342.222 Executing VM operation: GetFrameLocation
Event: 2342.222 Executing VM operation: GetFrameLocation done
Event: 2342.244 Executing VM operation: GetOrSetLocal


Dynamic libraries:
0x00007ff6402c0000 - 0x00007ff6402fe000 	C:\Program Files\Java\jdk-10.0.2\bin\java.exe
0x00007ffb7aef0000 - 0x00007ffb7b0dd000 	C:\WINDOWS\SYSTEM32\ntdll.dll
0x00007ffb78120000 - 0x00007ffb781d3000 	C:\WINDOWS\System32\KERNEL32.DLL
0x00007ffb77440000 - 0x00007ffb776d3000 	C:\WINDOWS\System32\KERNELBASE.dll
0x00007ffb7ab50000 - 0x00007ffb7abf3000 	C:\WINDOWS\System32\ADVAPI32.dll
0x00007ffb78b10000 - 0x00007ffb78bae000 	C:\WINDOWS\System32\msvcrt.dll
0x00007ffb7ae20000 - 0x00007ffb7aebe000 	C:\WINDOWS\System32\sechost.dll
0x00007ffb78bb0000 - 0x00007ffb78cd3000 	C:\WINDOWS\System32\RPCRT4.dll
0x00007ffb78890000 - 0x00007ffb78a27000 	C:\WINDOWS\System32\USER32.dll
0x00007ffb78000000 - 0x00007ffb78020000 	C:\WINDOWS\System32\win32u.dll
0x00007ffb78730000 - 0x00007ffb78759000 	C:\WINDOWS\System32\GDI32.dll
0x00007ffb77040000 - 0x00007ffb771da000 	C:\WINDOWS\System32\gdi32full.dll
0x00007ffb77f60000 - 0x00007ffb78000000 	C:\WINDOWS\System32\msvcp_win.dll
0x00007ffb78020000 - 0x00007ffb7811c000 	C:\WINDOWS\System32\ucrtbase.dll
0x00007ffb68830000 - 0x00007ffb68aa9000 	C:\WINDOWS\WinSxS\amd64_microsoft.windows.common-controls_6595b64144ccf1df_6.0.17763.55_none_bfabd67a2c8ec77e\COMCTL32.dll
0x00007ffb72090000 - 0x00007ffb7209a000 	C:\WINDOWS\SYSTEM32\VERSION.dll
0x00007ffb78e20000 - 0x00007ffb7914e000 	C:\WINDOWS\System32\combase.dll
0x00007ffb76fc0000 - 0x00007ffb7703e000 	C:\WINDOWS\System32\bcryptPrimitives.dll
0x00007ffb78200000 - 0x00007ffb7822e000 	C:\WINDOWS\System32\IMM32.DLL
0x00007ffb658c0000 - 0x00007ffb659af000 	C:\Program Files\Java\jdk-10.0.2\bin\msvcr120.dll
0x00007ffb636f0000 - 0x00007ffb63796000 	C:\Program Files\Java\jdk-10.0.2\bin\msvcp120.dll
0x000000005b030000 - 0x000000005baa0000 	C:\Program Files\Java\jdk-10.0.2\bin\server\jvm.dll
0x00007ffb78b00000 - 0x00007ffb78b08000 	C:\WINDOWS\System32\PSAPI.DLL
0x00007ffb6aa00000 - 0x00007ffb6aa24000 	C:\WINDOWS\SYSTEM32\WINMM.dll
0x00007ffb73460000 - 0x00007ffb73469000 	C:\WINDOWS\SYSTEM32\WSOCK32.dll
0x00007ffb78820000 - 0x00007ffb7888d000 	C:\WINDOWS\System32\WS2_32.dll
0x00007ffb6a9d0000 - 0x00007ffb6a9fd000 	C:\WINDOWS\SYSTEM32\WINMMBASE.dll
0x00007ffb77f10000 - 0x00007ffb77f5a000 	C:\WINDOWS\System32\cfgmgr32.dll
0x00007ffb737c0000 - 0x00007ffb737cf000 	C:\Program Files\Java\jdk-10.0.2\bin\verify.dll
0x00007ffb70d00000 - 0x00007ffb70eed000 	C:\WINDOWS\SYSTEM32\DBGHELP.DLL
0x00007ffb70b20000 - 0x00007ffb70b4a000 	C:\WINDOWS\SYSTEM32\dbgcore.DLL
0x00007ffb71af0000 - 0x00007ffb71b17000 	C:\Program Files\Java\jdk-10.0.2\bin\java.dll
0x00007ffb62590000 - 0x00007ffb625c6000 	C:\Program Files\Java\jdk-10.0.2\bin\jdwp.dll
0x00007ffb71aa0000 - 0x00007ffb71aca000 	C:\Program Files\Java\jdk-10.0.2\bin\instrument.dll
0x00007ffb71ad0000 - 0x00007ffb71ae6000 	C:\Program Files\Java\jdk-10.0.2\bin\zip.dll
0x00007ffb73450000 - 0x00007ffb7345a000 	C:\Program Files\Java\jdk-10.0.2\bin\jimage.dll
0x00007ffb791c0000 - 0x00007ffb7a6af000 	C:\WINDOWS\System32\SHELL32.dll
0x00007ffb7ad70000 - 0x00007ffb7ae18000 	C:\WINDOWS\System32\shcore.dll
0x00007ffb776e0000 - 0x00007ffb77e28000 	C:\WINDOWS\System32\windows.storage.dll
0x00007ffb76f90000 - 0x00007ffb76fb4000 	C:\WINDOWS\System32\profapi.dll
0x00007ffb76f30000 - 0x00007ffb76f8d000 	C:\WINDOWS\System32\powrprof.dll
0x00007ffb78760000 - 0x00007ffb787b2000 	C:\WINDOWS\System32\shlwapi.dll
0x00007ffb76ef0000 - 0x00007ffb76f01000 	C:\WINDOWS\System32\kernel.appcore.dll
0x00007ffb773c0000 - 0x00007ffb773d7000 	C:\WINDOWS\System32\cryptsp.dll
0x00007ffb71b70000 - 0x00007ffb71b7a000 	C:\Program Files\Java\jdk-10.0.2\bin\dt_socket.dll
0x00007ffb76780000 - 0x00007ffb767e7000 	C:\WINDOWS\system32\mswsock.dll
0x00007ffb711f0000 - 0x00007ffb7120a000 	C:\Program Files\Java\jdk-10.0.2\bin\net.dll
0x00007ffb73f80000 - 0x00007ffb74071000 	C:\WINDOWS\SYSTEM32\WINHTTP.dll
0x00007ffb6a0b0000 - 0x00007ffb6a0c1000 	C:\Program Files\Java\jdk-10.0.2\bin\nio.dll
0x00007ffb635e0000 - 0x00007ffb63603000 	C:\Program Files\Java\jdk-10.0.2\bin\sunec.dll
0x00007ffb69fb0000 - 0x00007ffb69fbb000 	C:\Program Files\Java\jdk-10.0.2\bin\sunmscapi.dll
0x00007ffb771e0000 - 0x00007ffb773bb000 	C:\WINDOWS\System32\CRYPT32.dll
0x00007ffb76f10000 - 0x00007ffb76f22000 	C:\WINDOWS\System32\MSASN1.dll
0x00007ffb760e0000 - 0x00007ffb76113000 	C:\WINDOWS\system32\rsaenh.dll
0x00007ffb77ee0000 - 0x00007ffb77f06000 	C:\WINDOWS\System32\bcrypt.dll
0x00007ffb76e20000 - 0x00007ffb76e48000 	C:\WINDOWS\SYSTEM32\USERENV.dll
0x00007ffb76950000 - 0x00007ffb7695c000 	C:\WINDOWS\SYSTEM32\CRYPTBASE.dll
0x00007ffb764e0000 - 0x00007ffb7651d000 	C:\WINDOWS\SYSTEM32\IPHLPAPI.DLL
0x00007ffb78e10000 - 0x00007ffb78e18000 	C:\WINDOWS\System32\NSI.dll
0x00007ffb74680000 - 0x00007ffb74696000 	C:\WINDOWS\SYSTEM32\dhcpcsvc6.DLL
0x00007ffb74620000 - 0x00007ffb7463c000 	C:\WINDOWS\SYSTEM32\dhcpcsvc.DLL
0x00007ffb76520000 - 0x00007ffb765e6000 	C:\WINDOWS\SYSTEM32\DNSAPI.dll
0x00007ffb70a70000 - 0x00007ffb70a7a000 	C:\Windows\System32\rasadhlp.dll
0x00007ffb74700000 - 0x00007ffb74779000 	C:\WINDOWS\System32\fwpuclnt.dll

dbghelp: loaded successfully - version: 4.0.5 - missing functions: none
symbol engine: initialized successfully - sym options: 0x614 - pdb path: .;C:\Program Files\Java\jdk-10.0.2\bin;C:\WINDOWS\SYSTEM32;C:\WINDOWS\WinSxS\amd64_microsoft.windows.common-controls_6595b64144ccf1df_6.0.17763.55_none_bfabd67a2c8ec77e;C:\Program Files\Java\jdk-10.0.2\bin\server

VM Arguments:
jvm_args: -agentlib:jdwp=transport=dt_socket,address=127.0.0.1:61381,suspend=y,server=n -ea -Didea.test.cyclic.buffer.size=1048576 -javaagent:C:\Users\iscai\.IdeaIC2018.2\system\captureAgent\debugger-agent.jar=file:/C:/Users/iscai/AppData/Local/Temp/capture.props -Dfile.encoding=UTF-8 
java_command: com.intellij.rt.execution.junit.JUnitStarter -ideVersion5 -junit4 com.microsoft.azure.management.containerregistry.RegistryTaskTests,UpdateTriggers
java_class_path (initial): C:\Program Files\JetBrains\IntelliJ IDEA Community Edition 2018.2.3\lib\idea_rt.jar;C:\Program Files\JetBrains\IntelliJ IDEA Community Edition 2018.2.3\plugins\junit\lib\junit-rt.jar;C:\Program Files\JetBrains\IntelliJ IDEA Community Edition 2018.2.3\plugins\junit\lib\junit5-rt.jar;F:\acr_updates\azure-libraries-for-java\azure-mgmt-containerregistry\target\test-classes;F:\acr_updates\azure-libraries-for-java\azure-mgmt-containerregistry\target\classes;C:\Users\iscai\.m2\repository\com\microsoft\azure\azure-client-runtime\1.6.4-SNAPSHOT\azure-client-runtime-1.6.4-20181107.053430-1.jar;C:\Users\iscai\.m2\repository\com\microsoft\rest\client-runtime\1.6.4-SNAPSHOT\client-runtime-1.6.4-20181107.053417-1.jar;C:\Users\iscai\.m2\repository\com\google\guava\guava\20.0\guava-20.0.jar;C:\Users\iscai\.m2\repository\com\squareup\retrofit2\retrofit\2.4.0\retrofit-2.4.0.jar;C:\Users\iscai\.m2\repository\com\squareup\okhttp3\okhttp\3.11.0\okhttp-3.11.0.jar;C:\Users\iscai\.m2\repository\com\squareup\okio\okio\1.14.0\okio-1.14.0.jar;C:\Users\iscai\.m2\repository\com\squareup\okhttp3\logging-interceptor\3.11.0\logging-interceptor-3.11.0.jar;C:\Users\iscai\.m2\repository\com\squareup\okhttp3\okhttp-urlconnection\3.11.0\okhttp-urlconnection-3.11.0.jar;C:\Users\iscai\.m2\repository\com\squareup\retrofit2\converter-jackson\2.4.0\converter-jackson-2.4.0.jar;C:\Users\iscai\.m2\repository\com\fasterxml\jackson\core\jackson-databind\2.9.4\jackson-databind-2.9.4.jar;C:\Users\iscai\.m2\repository\com\fasterxml\jackson\datatype\jackson-datatype-joda\2.9.4\jackson-datatype-joda-2.9.4.jar;C:\Users\iscai\.m2\repository\com\fasterxml\jackson\core\jackson-annotations\2.9.0\jackson-annotations-2.9.0.jar;C:\Users\iscai\.m2\repository\com\fasterxml\jackson\core\jackson-core\2.9.4\jackson-core-2.9.4.jar;C:\Users\iscai\.m2\repository\joda-time\joda-time\2.7\joda-time-2.7.jar;C:\Users\iscai\.m2\repository\org\apache\commons\commons-lang3\3.4\commons-lang3-3.4.jar;C:\Users\isca
Launcher Type: SUN_STANDARD

Logging:
Log output configuration:
#0: stdout all=warning uptime,level,tags
#1: stderr all=off uptime,level,tags

Environment Variables:
JAVA_HOME=C:\Program Files\Java\jdk-10.0.2
PATH=C:\Python36\Scripts\;C:\Python36\;C:\Program Files (x86)\Microsoft SDKs\Azure\CLI2\wbin;C:\Program Files (x86)\Common Files\Oracle\Java\javapath;C:\Program Files\Common Files\Microsoft Shared\Microsoft Online Services;C:\Program Files (x86)\Common Files\Microsoft Shared\Microsoft Online Services;C:\WINDOWS\system32;C:\WINDOWS;C:\WINDOWS\System32\Wbem;C:\WINDOWS\System32\WindowsPowerShell\v1.0\;C:\WINDOWS\System32\OpenSSH\;C:\Program Files\dotnet\;C:\Program Files\Microsoft SQL Server\130\Tools\Binn\;C:\Program Files\Java\jdk-10.0.2\bin;C:\Program Files\apache-maven-3.5.4\bin;C:\Program Files\nodejs\;F:\acr_updates\azure-libraries-for-java\extlib;C:\Users\iscai\AppData\Roaming\Python\Python36\Scripts;C:\Users\iscai\AppData\Local\Microsoft\WindowsApps;C:\Users\iscai\AppData\Roaming\npm;C:\Users\iscai\.dotnet\tools;C:\Users\iscai\AppData\Local\Microsoft\WindowsApps;C:\Users\iscai\AppData\Local\Programs\Microsoft VS Code\bin;F:\acr_updates\azure-libraries-for-java\extlib;C:\Users\iscai\AppData\Roaming\Python\Python36\Scripts;
USERNAME=iscai
OS=Windows_NT
PROCESSOR_IDENTIFIER=Intel64 Family 6 Model 85 Stepping 4, GenuineIntel



---------------  S Y S T E M  ---------------

OS: Windows 10 , 64 bit Build 17763 (10.0.17763.1)

CPU:total 12 (initial active 12) (6 cores per cpu, 2 threads per core) family 6 model 85 stepping 4, cmov, cx8, fxsr, mmx, sse, sse2, sse3, ssse3, sse4.1, sse4.2, popcnt, avx, avx2, aes, clmul, erms, rtm, 3dnowpref, lzcnt, ht, tsc, tscinvbit, bmi1, bmi2, adx, evex, fma

Memory: 4k page, physical 33267416k(18777764k free), swap 38248152k(16427256k free)

vm_info: Java HotSpot(TM) 64-Bit Server VM (10.0.2+13) for windows-amd64 JRE (10.0.2+13), built on Jun 28 2018 01:57:56 by "mach5one" with MS VC++ 12.0 (VS2013)

END.
